
Codigo: 2879
Nombre: Ingenieria de sistemas y computacion
Codigo: 1000004
Nombre: calculo diferencial
Creditos: 4
Componente: Fundamentacion
Condicion 1: null

Codigo: 1000005
Nombre: calculo integral
Creditos: 4
Componente: Fundamentacion
Condicion 1: calculo diferencial

Codigo: 1000006
Nombre: calculo en varias variables
Creditos: 4
Componente: Fundamentacion
Condicion 1: calculo integral

Codigo: 1000003
Nombre: algebra lineal
Creditos: 4
Componente: Fundamentacion
Condicion 1: calculo diferencial

Codigo: 1000013
Nombre: probabilidad y estadistica fundamental
Creditos: 3
Componente: Fundamentacion
Condicion 1: calculo integral

Codigo: 1000019
Nombre: fundamentos de mecanica
Creditos: 4
Componente: Fundamentacion
Condicion 1: calculo diferencial

Codigo: 1000017
Nombre: fundamentos de electricidad y magnetismo
Creditos: 4
Componente: Fundamentacion
Condicion 1: calculo integral

Codigo: 2015174
Nombre: introduccion a la teoria de la computacion
Creditos: 4
Componente: Fundamentacion
Condicion 1: matematicas discretas i

Codigo: 2016696
Nombre: algoritmos
Creditos: 3
Componente: Fundamentacion
Condicion 1: estructuras de datos
Condicion 2: matematicas discretas i

Codigo: 2025963
Nombre: matematicas discretas i
Creditos: 4
Componente: Fundamentacion
Condicion 1: algebra lineal

Codigo: 2025964
Nombre: matematicas discretas ii
Creditos: 4
Componente: Fundamentacion
Condicion 1: matematicas discretas i

Codigo: 2015970
Nombre: metodos numericos
Creditos: 3
Componente: Fundamentacion
Condicion 1: calculo en varias variables

Codigo: 2015703
Nombre: ingenieria economica
Creditos: 3
Componente: Fundamentacion
Condicion 1: calculo integral

Codigo: 2015702
Nombre: gerencia y gestion de proyectos
Creditos: 3
Componente: Fundamentacion
Condicion 1: ingenieria economica

Codigo: 2016375
Nombre: programacion orientada a objetos
Creditos: 3
Componente: Profesional o disciplinar
Condicion 1: programacion de computadores

Codigo: 2016699
Nombre: estructuras de datos
Creditos: 3
Componente: Profesional o disciplinar
Condicion 1: programacion orientada a objetos

Codigo: 2016701
Nombre: ingenieria de software i
Creditos: 3
Componente: Profesional o disciplinar
Condicion 1: pensamiento sistemico
Condicion 2: estructuras de datos
Condicion 3: bases de datos

Codigo: 2016702
Nombre: ingenieria de software ii
Creditos: 3
Componente: Profesional o disciplinar
Condicion 1: ingenieria de software i
Condicion 2: redes de computadores

Codigo: 2025966
Nombre: lenguajes de programacion
Creditos: 3
Componente: Profesional o disciplinar
Condicion 1: estructuras de datos
Condicion 2: introduccion a la teoria de la computacion

Codigo: 2016716
Nombre: arquitectura de software
Creditos: 3
Componente: Profesional o disciplinar
Condicion 1: ingenieria de software ii

Codigo: 2015734
Nombre: programacion de computadores
Creditos: 3
Componente: Profesional o disciplinar

Codigo: 2016697
Nombre: arquitectura de computadores
Creditos: 3
Componente: Profesional o disciplinar
Condicion 1: elementos de computadores

Codigo: 2016707
Nombre: sistemas operativos
Creditos: 3
Componente: Profesional o disciplinar
Condicion 1: arquitectura de computadores

Codigo: 2025967
Nombre: redes de computadores
Creditos: 3
Componente: Profesional o disciplinar
Condicion 1: fundamentos de electricidad y magnetismo
Condicion 2: estructuras de datos
Condicion 3: arquitectura de computadores

Codigo: 2016722
Nombre: computacion paralela y distribuida
Creditos: 3
Componente: Profesional o disciplinar
Condicion 1: algoritmos

Codigo: 2016353
Nombre: bases de datos
Creditos: 3
Componente: Profesional o disciplinar
Condicion 1: programacion orientada a objetos

Codigo: 2025983
Nombre: arquitectura de infraestructura y gobierno de tics
Creditos: 3
Componente: Profesional o disciplinar
Condicion 1: ingenieria de software ii
Condicion 2: sistemas de informacion

Codigo: 2016698
Nombre: elementos de computadores
Creditos: 3
Componente: Profesional o disciplinar
Condicion 1: introduccion a la ingenieria de sistemas y computacion

Codigo: 2025994
Nombre: teoria de la informacion y sistemas de comunicaciones
Creditos: 3
Componente: Profesional o disciplinar
Condicion 1: redes de computadores
Condicion 2: probabilidad y estadistica fundamental

Codigo: 2025982
Nombre: sistemas de informacion
Creditos: 3
Componente: Profesional o disciplinar
Condicion 1: bases de datos
Condicion 2: probabilidad y estadistica fundamental
Condicion 3: gerencia y gestion de proyectos
Condicion 4: pensamiento sistemico

Codigo: 2025972
Nombre: introduccion a la criptografia y a la seguridad de la informacion
Creditos: 3
Componente: Profesional o disciplinar
Condicion 1: algoritmos

Codigo: 2025960
Nombre: computacion visual
Creditos: 3
Componente: Profesional o disciplinar
Condicion 1: algoritmos

Codigo: 2025995
Nombre: introduccion a los sistemas inteligentes
Creditos: 3
Componente: Profesional o disciplinar
Condicion 1: algoritmos

Codigo: 2016703
Nombre: pensamiento sistemico
Creditos: 3
Componente: Profesional o disciplinar

Codigo: 2025969
Nombre: modelos estocasticos y simulacion en computacion y comunicaciones
Creditos: 3
Componente: Profesional o disciplinar
Condicion 1: optimizacion

Codigo: 2025970
Nombre: modelos y simulacion
Creditos: 3
Componente: Profesional o disciplinar
Condicion 1: calculo en varias variables
Condicion 2: matematicas discretas ii
Condicion 3: probabilidad y estadistica fundamental
Condicion 4: programacion orientada a objetos

Codigo: 2025971
Nombre: optimizacion
Creditos: 3
Componente: Profesional o disciplinar
Condicion 1: modelos y simulacion

Codigo: 2025975
Nombre: introduccion a la ingenieria de sistemas y computacion
Creditos: 3
Componente: Profesional o disciplinar

Codigo: 2024045
Nombre: taller de proyectos interdisciplinarios
Creditos: 3
Componente: Profesional o disciplinar
[[Codigo: 2024045
Nombre: taller de proyectos interdisciplinarios
Creditos: 3
Componente: Profesional o disciplinar], [Codigo: 2024045
Nombre: taller de proyectos interdisciplinarios
Creditos: 3
Componente: Profesional o disciplinar], [Codigo: 2025969
Nombre: modelos estocasticos y simulacion en computacion y comunicaciones
Creditos: 3
Componente: Profesional o disciplinar
Condicion 1: optimizacion, Codigo: 2025971
Nombre: optimizacion
Creditos: 3
Componente: Profesional o disciplinar
Condicion 1: modelos y simulacion, Codigo: 2025970
Nombre: modelos y simulacion
Creditos: 3
Componente: Profesional o disciplinar
Condicion 1: calculo en varias variables
Condicion 2: matematicas discretas ii
Condicion 3: probabilidad y estadistica fundamental
Condicion 4: programacion orientada a objetos], [Codigo: 2016375
Nombre: programacion orientada a objetos
Creditos: 3
Componente: Profesional o disciplinar
Condicion 1: programacion de computadores, Codigo: 2015734
Nombre: programacion de computadores
Creditos: 3
Componente: Profesional o disciplinar], [Codigo: 2016375
Nombre: programacion orientada a objetos
Creditos: 3
Componente: Profesional o disciplinar
Condicion 1: programacion de computadores, Codigo: 2015734
Nombre: programacion de computadores
Creditos: 3
Componente: Profesional o disciplinar], [Codigo: 1000013
Nombre: probabilidad y estadistica fundamental
Creditos: 3
Componente: Fundamentacion
Condicion 1: calculo integral, Codigo: 1000005
Nombre: calculo integral
Creditos: 4
Componente: Fundamentacion
Condicion 1: calculo diferencial, Codigo: 1000004
Nombre: calculo diferencial
Creditos: 4
Componente: Fundamentacion
Condicion 1: null, Codigo: 1000001
Nombre: null
Creditos: null
Componente: null], [Codigo: 1000013
Nombre: probabilidad y estadistica fundamental
Creditos: 3
Componente: Fundamentacion
Condicion 1: calculo integral, Codigo: 1000005
Nombre: calculo integral
Creditos: 4
Componente: Fundamentacion
Condicion 1: calculo diferencial, Codigo: 1000004
Nombre: calculo diferencial
Creditos: 4
Componente: Fundamentacion
Condicion 1: null, Codigo: 1000001
Nombre: null
Creditos: null
Componente: null], [Codigo: 2025964
Nombre: matematicas discretas ii
Creditos: 4
Componente: Fundamentacion
Condicion 1: matematicas discretas i, Codigo: 2025963
Nombre: matematicas discretas i
Creditos: 4
Componente: Fundamentacion
Condicion 1: algebra lineal, Codigo: 1000003
Nombre: algebra lineal
Creditos: 4
Componente: Fundamentacion
Condicion 1: calculo diferencial, Codigo: 1000004
Nombre: calculo diferencial
Creditos: 4
Componente: Fundamentacion
Condicion 1: null, Codigo: 1000001
Nombre: null
Creditos: null
Componente: null], [Codigo: 2025964
Nombre: matematicas discretas ii
Creditos: 4
Componente: Fundamentacion
Condicion 1: matematicas discretas i, Codigo: 2025963
Nombre: matematicas discretas i
Creditos: 4
Componente: Fundamentacion
Condicion 1: algebra lineal, Codigo: 1000003
Nombre: algebra lineal
Creditos: 4
Componente: Fundamentacion
Condicion 1: calculo diferencial, Codigo: 1000004
Nombre: calculo diferencial
Creditos: 4
Componente: Fundamentacion
Condicion 1: null, Codigo: 1000001
Nombre: null
Creditos: null
Componente: null], [Codigo: 1000006
Nombre: calculo en varias variables
Creditos: 4
Componente: Fundamentacion
Condicion 1: calculo integral, Codigo: 1000005
Nombre: calculo integral
Creditos: 4
Componente: Fundamentacion
Condicion 1: calculo diferencial, Codigo: 1000004
Nombre: calculo diferencial
Creditos: 4
Componente: Fundamentacion
Condicion 1: null, Codigo: 1000001
Nombre: null
Creditos: null
Componente: null], [Codigo: 1000006
Nombre: calculo en varias variables
Creditos: 4
Componente: Fundamentacion
Condicion 1: calculo integral, Codigo: 1000005
Nombre: calculo integral
Creditos: 4
Componente: Fundamentacion
Condicion 1: calculo diferencial, Codigo: 1000004
Nombre: calculo diferencial
Creditos: 4
Componente: Fundamentacion
Condicion 1: null, Codigo: 1000001
Nombre: null
Creditos: null
Componente: null], [Codigo: 2025995
Nombre: introduccion a los sistemas inteligentes
Creditos: 3
Componente: Profesional o disciplinar
Condicion 1: algoritmos, Codigo: 2016696
Nombre: algoritmos
Creditos: 3
Componente: Fundamentacion
Condicion 1: estructuras de datos
Condicion 2: matematicas discretas i], [Codigo: 2025963
Nombre: matematicas discretas i
Creditos: 4
Componente: Fundamentacion
Condicion 1: algebra lineal, Codigo: 1000003
Nombre: algebra lineal
Creditos: 4
Componente: Fundamentacion
Condicion 1: calculo diferencial, Codigo: 1000004
Nombre: calculo diferencial
Creditos: 4
Componente: Fundamentacion
Condicion 1: null, Codigo: 1000001
Nombre: null
Creditos: null
Componente: null], [Codigo: 2025963
Nombre: matematicas discretas i
Creditos: 4
Componente: Fundamentacion
Condicion 1: algebra lineal, Codigo: 1000003
Nombre: algebra lineal
Creditos: 4
Componente: Fundamentacion
Condicion 1: calculo diferencial, Codigo: 1000004
Nombre: calculo diferencial
Creditos: 4
Componente: Fundamentacion
Condicion 1: null, Codigo: 1000001
Nombre: null
Creditos: null
Componente: null], [Codigo: 2016699
Nombre: estructuras de datos
Creditos: 3
Componente: Profesional o disciplinar
Condicion 1: programacion orientada a objetos, Codigo: 2016375
Nombre: programacion orientada a objetos
Creditos: 3
Componente: Profesional o disciplinar
Condicion 1: programacion de computadores, Codigo: 2015734
Nombre: programacion de computadores
Creditos: 3
Componente: Profesional o disciplinar], [Codigo: 2016699
Nombre: estructuras de datos
Creditos: 3
Componente: Profesional o disciplinar
Condicion 1: programacion orientada a objetos, Codigo: 2016375
Nombre: programacion orientada a objetos
Creditos: 3
Componente: Profesional o disciplinar
Condicion 1: programacion de computadores, Codigo: 2015734
Nombre: programacion de computadores
Creditos: 3
Componente: Profesional o disciplinar], [Codigo: 2025960
Nombre: computacion visual
Creditos: 3
Componente: Profesional o disciplinar
Condicion 1: algoritmos, Codigo: 2016696
Nombre: algoritmos
Creditos: 3
Componente: Fundamentacion
Condicion 1: estructuras de datos
Condicion 2: matematicas discretas i], [Codigo: 2025963
Nombre: matematicas discretas i
Creditos: 4
Componente: Fundamentacion
Condicion 1: algebra lineal, Codigo: 1000003
Nombre: algebra lineal
Creditos: 4
Componente: Fundamentacion
Condicion 1: calculo diferencial, Codigo: 1000004
Nombre: calculo diferencial
Creditos: 4
Componente: Fundamentacion
Condicion 1: null, Codigo: 1000001
Nombre: null
Creditos: null
Componente: null], [Codigo: 2025963
Nombre: matematicas discretas i
Creditos: 4
Componente: Fundamentacion
Condicion 1: algebra lineal, Codigo: 1000003
Nombre: algebra lineal
Creditos: 4
Componente: Fundamentacion
Condicion 1: calculo diferencial, Codigo: 1000004
Nombre: calculo diferencial
Creditos: 4
Componente: Fundamentacion
Condicion 1: null, Codigo: 1000001
Nombre: null
Creditos: null
Componente: null], [Codigo: 2016699
Nombre: estructuras de datos
Creditos: 3
Componente: Profesional o disciplinar
Condicion 1: programacion orientada a objetos, Codigo: 2016375
Nombre: programacion orientada a objetos
Creditos: 3
Componente: Profesional o disciplinar
Condicion 1: programacion de computadores, Codigo: 2015734
Nombre: programacion de computadores
Creditos: 3
Componente: Profesional o disciplinar], [Codigo: 2016699
Nombre: estructuras de datos
Creditos: 3
Componente: Profesional o disciplinar
Condicion 1: programacion orientada a objetos, Codigo: 2016375
Nombre: programacion orientada a objetos
Creditos: 3
Componente: Profesional o disciplinar
Condicion 1: programacion de computadores, Codigo: 2015734
Nombre: programacion de computadores
Creditos: 3
Componente: Profesional o disciplinar], [Codigo: 2025972
Nombre: introduccion a la criptografia y a la seguridad de la informacion
Creditos: 3
Componente: Profesional o disciplinar
Condicion 1: algoritmos, Codigo: 2016696
Nombre: algoritmos
Creditos: 3
Componente: Fundamentacion
Condicion 1: estructuras de datos
Condicion 2: matematicas discretas i], [Codigo: 2025963
Nombre: matematicas discretas i
Creditos: 4
Componente: Fundamentacion
Condicion 1: algebra lineal, Codigo: 1000003
Nombre: algebra lineal
Creditos: 4
Componente: Fundamentacion
Condicion 1: calculo diferencial, Codigo: 1000004
Nombre: calculo diferencial
Creditos: 4
Componente: Fundamentacion
Condicion 1: null, Codigo: 1000001
Nombre: null
Creditos: null
Componente: null], [Codigo: 2025963
Nombre: matematicas discretas i
Creditos: 4
Componente: Fundamentacion
Condicion 1: algebra lineal, Codigo: 1000003
Nombre: algebra lineal
Creditos: 4
Componente: Fundamentacion
Condicion 1: calculo diferencial, Codigo: 1000004
Nombre: calculo diferencial
Creditos: 4
Componente: Fundamentacion
Condicion 1: null, Codigo: 1000001
Nombre: null
Creditos: null
Componente: null], [Codigo: 2016699
Nombre: estructuras de datos
Creditos: 3
Componente: Profesional o disciplinar
Condicion 1: programacion orientada a objetos, Codigo: 2016375
Nombre: programacion orientada a objetos
Creditos: 3
Componente: Profesional o disciplinar
Condicion 1: programacion de computadores, Codigo: 2015734
Nombre: programacion de computadores
Creditos: 3
Componente: Profesional o disciplinar], [Codigo: 2016699
Nombre: estructuras de datos
Creditos: 3
Componente: Profesional o disciplinar
Condicion 1: programacion orientada a objetos, Codigo: 2016375
Nombre: programacion orientada a objetos
Creditos: 3
Componente: Profesional o disciplinar
Condicion 1: programacion de computadores, Codigo: 2015734
Nombre: programacion de computadores
Creditos: 3
Componente: Profesional o disciplinar], [Codigo: 2025994
Nombre: teoria de la informacion y sistemas de comunicaciones
Creditos: 3
Componente: Profesional o disciplinar
Condicion 1: redes de computadores
Condicion 2: probabilidad y estadistica fundamental], [Codigo: 1000013
Nombre: probabilidad y estadistica fundamental
Creditos: 3
Componente: Fundamentacion
Condicion 1: calculo integral, Codigo: 1000005
Nombre: calculo integral
Creditos: 4
Componente: Fundamentacion
Condicion 1: calculo diferencial, Codigo: 1000004
Nombre: calculo diferencial
Creditos: 4
Componente: Fundamentacion
Condicion 1: null, Codigo: 1000001
Nombre: null
Creditos: null
Componente: null], [Codigo: 1000013
Nombre: probabilidad y estadistica fundamental
Creditos: 3
Componente: Fundamentacion
Condicion 1: calculo integral, Codigo: 1000005
Nombre: calculo integral
Creditos: 4
Componente: Fundamentacion
Condicion 1: calculo diferencial, Codigo: 1000004
Nombre: calculo diferencial
Creditos: 4
Componente: Fundamentacion
Condicion 1: null, Codigo: 1000001
Nombre: null
Creditos: null
Componente: null], [Codigo: 2025967
Nombre: redes de computadores
Creditos: 3
Componente: Profesional o disciplinar
Condicion 1: fundamentos de electricidad y magnetismo
Condicion 2: estructuras de datos
Condicion 3: arquitectura de computadores], [Codigo: 2016697
Nombre: arquitectura de computadores
Creditos: 3
Componente: Profesional o disciplinar
Condicion 1: elementos de computadores, Codigo: 2016698
Nombre: elementos de computadores
Creditos: 3
Componente: Profesional o disciplinar
Condicion 1: introduccion a la ingenieria de sistemas y computacion, Codigo: 2025975
Nombre: introduccion a la ingenieria de sistemas y computacion
Creditos: 3
Componente: Profesional o disciplinar], [Codigo: 2016697
Nombre: arquitectura de computadores
Creditos: 3
Componente: Profesional o disciplinar
Condicion 1: elementos de computadores, Codigo: 2016698
Nombre: elementos de computadores
Creditos: 3
Componente: Profesional o disciplinar
Condicion 1: introduccion a la ingenieria de sistemas y computacion, Codigo: 2025975
Nombre: introduccion a la ingenieria de sistemas y computacion
Creditos: 3
Componente: Profesional o disciplinar], [Codigo: 2016699
Nombre: estructuras de datos
Creditos: 3
Componente: Profesional o disciplinar
Condicion 1: programacion orientada a objetos, Codigo: 2016375
Nombre: programacion orientada a objetos
Creditos: 3
Componente: Profesional o disciplinar
Condicion 1: programacion de computadores, Codigo: 2015734
Nombre: programacion de computadores
Creditos: 3
Componente: Profesional o disciplinar], [Codigo: 2016699
Nombre: estructuras de datos
Creditos: 3
Componente: Profesional o disciplinar
Condicion 1: programacion orientada a objetos, Codigo: 2016375
Nombre: programacion orientada a objetos
Creditos: 3
Componente: Profesional o disciplinar
Condicion 1: programacion de computadores, Codigo: 2015734
Nombre: programacion de computadores
Creditos: 3
Componente: Profesional o disciplinar], [Codigo: 1000017
Nombre: fundamentos de electricidad y magnetismo
Creditos: 4
Componente: Fundamentacion
Condicion 1: calculo integral, Codigo: 1000005
Nombre: calculo integral
Creditos: 4
Componente: Fundamentacion
Condicion 1: calculo diferencial, Codigo: 1000004
Nombre: calculo diferencial
Creditos: 4
Componente: Fundamentacion
Condicion 1: null, Codigo: 1000001
Nombre: null
Creditos: null
Componente: null], [Codigo: 1000017
Nombre: fundamentos de electricidad y magnetismo
Creditos: 4
Componente: Fundamentacion
Condicion 1: calculo integral, Codigo: 1000005
Nombre: calculo integral
Creditos: 4
Componente: Fundamentacion
Condicion 1: calculo diferencial, Codigo: 1000004
Nombre: calculo diferencial
Creditos: 4
Componente: Fundamentacion
Condicion 1: null, Codigo: 1000001
Nombre: null
Creditos: null
Componente: null], [Codigo: 2025983
Nombre: arquitectura de infraestructura y gobierno de tics
Creditos: 3
Componente: Profesional o disciplinar
Condicion 1: ingenieria de software ii
Condicion 2: sistemas de informacion], [Codigo: 2025982
Nombre: sistemas de informacion
Creditos: 3
Componente: Profesional o disciplinar
Condicion 1: bases de datos
Condicion 2: probabilidad y estadistica fundamental
Condicion 3: gerencia y gestion de proyectos
Condicion 4: pensamiento sistemico], [Codigo: 2016703
Nombre: pensamiento sistemico
Creditos: 3
Componente: Profesional o disciplinar], [Codigo: 2016703
Nombre: pensamiento sistemico
Creditos: 3
Componente: Profesional o disciplinar], [Codigo: 2015702
Nombre: gerencia y gestion de proyectos
Creditos: 3
Componente: Fundamentacion
Condicion 1: ingenieria economica, Codigo: 2015703
Nombre: ingenieria economica
Creditos: 3
Componente: Fundamentacion
Condicion 1: calculo integral, Codigo: 1000005
Nombre: calculo integral
Creditos: 4
Componente: Fundamentacion
Condicion 1: calculo diferencial, Codigo: 1000004
Nombre: calculo diferencial
Creditos: 4
Componente: Fundamentacion
Condicion 1: null, Codigo: 1000001
Nombre: null
Creditos: null
Componente: null], [Codigo: 2015702
Nombre: gerencia y gestion de proyectos
Creditos: 3
Componente: Fundamentacion
Condicion 1: ingenieria economica, Codigo: 2015703
Nombre: ingenieria economica
Creditos: 3
Componente: Fundamentacion
Condicion 1: calculo integral, Codigo: 1000005
Nombre: calculo integral
Creditos: 4
Componente: Fundamentacion
Condicion 1: calculo diferencial, Codigo: 1000004
Nombre: calculo diferencial
Creditos: 4
Componente: Fundamentacion
Condicion 1: null, Codigo: 1000001
Nombre: null
Creditos: null
Componente: null], [Codigo: 1000013
Nombre: probabilidad y estadistica fundamental
Creditos: 3
Componente: Fundamentacion
Condicion 1: calculo integral, Codigo: 1000005
Nombre: calculo integral
Creditos: 4
Componente: Fundamentacion
Condicion 1: calculo diferencial, Codigo: 1000004
Nombre: calculo diferencial
Creditos: 4
Componente: Fundamentacion
Condicion 1: null, Codigo: 1000001
Nombre: null
Creditos: null
Componente: null], [Codigo: 1000013
Nombre: probabilidad y estadistica fundamental
Creditos: 3
Componente: Fundamentacion
Condicion 1: calculo integral, Codigo: 1000005
Nombre: calculo integral
Creditos: 4
Componente: Fundamentacion
Condicion 1: calculo diferencial, Codigo: 1000004
Nombre: calculo diferencial
Creditos: 4
Componente: Fundamentacion
Condicion 1: null, Codigo: 1000001
Nombre: null
Creditos: null
Componente: null], [Codigo: 2016353
Nombre: bases de datos
Creditos: 3
Componente: Profesional o disciplinar
Condicion 1: programacion orientada a objetos, Codigo: 2016375
Nombre: programacion orientada a objetos
Creditos: 3
Componente: Profesional o disciplinar
Condicion 1: programacion de computadores, Codigo: 2015734
Nombre: programacion de computadores
Creditos: 3
Componente: Profesional o disciplinar], [Codigo: 2016353
Nombre: bases de datos
Creditos: 3
Componente: Profesional o disciplinar
Condicion 1: programacion orientada a objetos, Codigo: 2016375
Nombre: programacion orientada a objetos
Creditos: 3
Componente: Profesional o disciplinar
Condicion 1: programacion de computadores, Codigo: 2015734
Nombre: programacion de computadores
Creditos: 3
Componente: Profesional o disciplinar], [Codigo: 2016702
Nombre: ingenieria de software ii
Creditos: 3
Componente: Profesional o disciplinar
Condicion 1: ingenieria de software i
Condicion 2: redes de computadores], [Codigo: 2025967
Nombre: redes de computadores
Creditos: 3
Componente: Profesional o disciplinar
Condicion 1: fundamentos de electricidad y magnetismo
Condicion 2: estructuras de datos
Condicion 3: arquitectura de computadores], [Codigo: 2016697
Nombre: arquitectura de computadores
Creditos: 3
Componente: Profesional o disciplinar
Condicion 1: elementos de computadores, Codigo: 2016698
Nombre: elementos de computadores
Creditos: 3
Componente: Profesional o disciplinar
Condicion 1: introduccion a la ingenieria de sistemas y computacion, Codigo: 2025975
Nombre: introduccion a la ingenieria de sistemas y computacion
Creditos: 3
Componente: Profesional o disciplinar], [Codigo: 2016697
Nombre: arquitectura de computadores
Creditos: 3
Componente: Profesional o disciplinar
Condicion 1: elementos de computadores, Codigo: 2016698
Nombre: elementos de computadores
Creditos: 3
Componente: Profesional o disciplinar
Condicion 1: introduccion a la ingenieria de sistemas y computacion, Codigo: 2025975
Nombre: introduccion a la ingenieria de sistemas y computacion
Creditos: 3
Componente: Profesional o disciplinar], [Codigo: 2016699
Nombre: estructuras de datos
Creditos: 3
Componente: Profesional o disciplinar
Condicion 1: programacion orientada a objetos, Codigo: 2016375
Nombre: programacion orientada a objetos
Creditos: 3
Componente: Profesional o disciplinar
Condicion 1: programacion de computadores, Codigo: 2015734
Nombre: programacion de computadores
Creditos: 3
Componente: Profesional o disciplinar], [Codigo: 2016699
Nombre: estructuras de datos
Creditos: 3
Componente: Profesional o disciplinar
Condicion 1: programacion orientada a objetos, Codigo: 2016375
Nombre: programacion orientada a objetos
Creditos: 3
Componente: Profesional o disciplinar
Condicion 1: programacion de computadores, Codigo: 2015734
Nombre: programacion de computadores
Creditos: 3
Componente: Profesional o disciplinar], [Codigo: 1000017
Nombre: fundamentos de electricidad y magnetismo
Creditos: 4
Componente: Fundamentacion
Condicion 1: calculo integral, Codigo: 1000005
Nombre: calculo integral
Creditos: 4
Componente: Fundamentacion
Condicion 1: calculo diferencial, Codigo: 1000004
Nombre: calculo diferencial
Creditos: 4
Componente: Fundamentacion
Condicion 1: null, Codigo: 1000001
Nombre: null
Creditos: null
Componente: null], [Codigo: 1000017
Nombre: fundamentos de electricidad y magnetismo
Creditos: 4
Componente: Fundamentacion
Condicion 1: calculo integral, Codigo: 1000005
Nombre: calculo integral
Creditos: 4
Componente: Fundamentacion
Condicion 1: calculo diferencial, Codigo: 1000004
Nombre: calculo diferencial
Creditos: 4
Componente: Fundamentacion
Condicion 1: null, Codigo: 1000001
Nombre: null
Creditos: null
Componente: null], [Codigo: 2016701
Nombre: ingenieria de software i
Creditos: 3
Componente: Profesional o disciplinar
Condicion 1: pensamiento sistemico
Condicion 2: estructuras de datos
Condicion 3: bases de datos], [Codigo: 2016353
Nombre: bases de datos
Creditos: 3
Componente: Profesional o disciplinar
Condicion 1: programacion orientada a objetos, Codigo: 2016375
Nombre: programacion orientada a objetos
Creditos: 3
Componente: Profesional o disciplinar
Condicion 1: programacion de computadores, Codigo: 2015734
Nombre: programacion de computadores
Creditos: 3
Componente: Profesional o disciplinar], [Codigo: 2016353
Nombre: bases de datos
Creditos: 3
Componente: Profesional o disciplinar
Condicion 1: programacion orientada a objetos, Codigo: 2016375
Nombre: programacion orientada a objetos
Creditos: 3
Componente: Profesional o disciplinar
Condicion 1: programacion de computadores, Codigo: 2015734
Nombre: programacion de computadores
Creditos: 3
Componente: Profesional o disciplinar], [Codigo: 2016699
Nombre: estructuras de datos
Creditos: 3
Componente: Profesional o disciplinar
Condicion 1: programacion orientada a objetos, Codigo: 2016375
Nombre: programacion orientada a objetos
Creditos: 3
Componente: Profesional o disciplinar
Condicion 1: programacion de computadores, Codigo: 2015734
Nombre: programacion de computadores
Creditos: 3
Componente: Profesional o disciplinar], [Codigo: 2016699
Nombre: estructuras de datos
Creditos: 3
Componente: Profesional o disciplinar
Condicion 1: programacion orientada a objetos, Codigo: 2016375
Nombre: programacion orientada a objetos
Creditos: 3
Componente: Profesional o disciplinar
Condicion 1: programacion de computadores, Codigo: 2015734
Nombre: programacion de computadores
Creditos: 3
Componente: Profesional o disciplinar], [Codigo: 2016703
Nombre: pensamiento sistemico
Creditos: 3
Componente: Profesional o disciplinar], [Codigo: 2016703
Nombre: pensamiento sistemico
Creditos: 3
Componente: Profesional o disciplinar], [Codigo: 2016722
Nombre: computacion paralela y distribuida
Creditos: 3
Componente: Profesional o disciplinar
Condicion 1: algoritmos, Codigo: 2016696
Nombre: algoritmos
Creditos: 3
Componente: Fundamentacion
Condicion 1: estructuras de datos
Condicion 2: matematicas discretas i], [Codigo: 2025963
Nombre: matematicas discretas i
Creditos: 4
Componente: Fundamentacion
Condicion 1: algebra lineal, Codigo: 1000003
Nombre: algebra lineal
Creditos: 4
Componente: Fundamentacion
Condicion 1: calculo diferencial, Codigo: 1000004
Nombre: calculo diferencial
Creditos: 4
Componente: Fundamentacion
Condicion 1: null, Codigo: 1000001
Nombre: null
Creditos: null
Componente: null], [Codigo: 2025963
Nombre: matematicas discretas i
Creditos: 4
Componente: Fundamentacion
Condicion 1: algebra lineal, Codigo: 1000003
Nombre: algebra lineal
Creditos: 4
Componente: Fundamentacion
Condicion 1: calculo diferencial, Codigo: 1000004
Nombre: calculo diferencial
Creditos: 4
Componente: Fundamentacion
Condicion 1: null, Codigo: 1000001
Nombre: null
Creditos: null
Componente: null], [Codigo: 2016699
Nombre: estructuras de datos
Creditos: 3
Componente: Profesional o disciplinar
Condicion 1: programacion orientada a objetos, Codigo: 2016375
Nombre: programacion orientada a objetos
Creditos: 3
Componente: Profesional o disciplinar
Condicion 1: programacion de computadores, Codigo: 2015734
Nombre: programacion de computadores
Creditos: 3
Componente: Profesional o disciplinar], [Codigo: 2016699
Nombre: estructuras de datos
Creditos: 3
Componente: Profesional o disciplinar
Condicion 1: programacion orientada a objetos, Codigo: 2016375
Nombre: programacion orientada a objetos
Creditos: 3
Componente: Profesional o disciplinar
Condicion 1: programacion de computadores, Codigo: 2015734
Nombre: programacion de computadores
Creditos: 3
Componente: Profesional o disciplinar], [Codigo: 2016707
Nombre: sistemas operativos
Creditos: 3
Componente: Profesional o disciplinar
Condicion 1: arquitectura de computadores, Codigo: 2016697
Nombre: arquitectura de computadores
Creditos: 3
Componente: Profesional o disciplinar
Condicion 1: elementos de computadores, Codigo: 2016698
Nombre: elementos de computadores
Creditos: 3
Componente: Profesional o disciplinar
Condicion 1: introduccion a la ingenieria de sistemas y computacion, Codigo: 2025975
Nombre: introduccion a la ingenieria de sistemas y computacion
Creditos: 3
Componente: Profesional o disciplinar], [Codigo: 2016707
Nombre: sistemas operativos
Creditos: 3
Componente: Profesional o disciplinar
Condicion 1: arquitectura de computadores, Codigo: 2016697
Nombre: arquitectura de computadores
Creditos: 3
Componente: Profesional o disciplinar
Condicion 1: elementos de computadores, Codigo: 2016698
Nombre: elementos de computadores
Creditos: 3
Componente: Profesional o disciplinar
Condicion 1: introduccion a la ingenieria de sistemas y computacion, Codigo: 2025975
Nombre: introduccion a la ingenieria de sistemas y computacion
Creditos: 3
Componente: Profesional o disciplinar], [Codigo: 2016716
Nombre: arquitectura de software
Creditos: 3
Componente: Profesional o disciplinar
Condicion 1: ingenieria de software ii, Codigo: 2016702
Nombre: ingenieria de software ii
Creditos: 3
Componente: Profesional o disciplinar
Condicion 1: ingenieria de software i
Condicion 2: redes de computadores], [Codigo: 2025967
Nombre: redes de computadores
Creditos: 3
Componente: Profesional o disciplinar
Condicion 1: fundamentos de electricidad y magnetismo
Condicion 2: estructuras de datos
Condicion 3: arquitectura de computadores], [Codigo: 2016697
Nombre: arquitectura de computadores
Creditos: 3
Componente: Profesional o disciplinar
Condicion 1: elementos de computadores, Codigo: 2016698
Nombre: elementos de computadores
Creditos: 3
Componente: Profesional o disciplinar
Condicion 1: introduccion a la ingenieria de sistemas y computacion, Codigo: 2025975
Nombre: introduccion a la ingenieria de sistemas y computacion
Creditos: 3
Componente: Profesional o disciplinar], [Codigo: 2016697
Nombre: arquitectura de computadores
Creditos: 3
Componente: Profesional o disciplinar
Condicion 1: elementos de computadores, Codigo: 2016698
Nombre: elementos de computadores
Creditos: 3
Componente: Profesional o disciplinar
Condicion 1: introduccion a la ingenieria de sistemas y computacion, Codigo: 2025975
Nombre: introduccion a la ingenieria de sistemas y computacion
Creditos: 3
Componente: Profesional o disciplinar], [Codigo: 2016699
Nombre: estructuras de datos
Creditos: 3
Componente: Profesional o disciplinar
Condicion 1: programacion orientada a objetos, Codigo: 2016375
Nombre: programacion orientada a objetos
Creditos: 3
Componente: Profesional o disciplinar
Condicion 1: programacion de computadores, Codigo: 2015734
Nombre: programacion de computadores
Creditos: 3
Componente: Profesional o disciplinar], [Codigo: 2016699
Nombre: estructuras de datos
Creditos: 3
Componente: Profesional o disciplinar
Condicion 1: programacion orientada a objetos, Codigo: 2016375
Nombre: programacion orientada a objetos
Creditos: 3
Componente: Profesional o disciplinar
Condicion 1: programacion de computadores, Codigo: 2015734
Nombre: programacion de computadores
Creditos: 3
Componente: Profesional o disciplinar], [Codigo: 1000017
Nombre: fundamentos de electricidad y magnetismo
Creditos: 4
Componente: Fundamentacion
Condicion 1: calculo integral, Codigo: 1000005
Nombre: calculo integral
Creditos: 4
Componente: Fundamentacion
Condicion 1: calculo diferencial, Codigo: 1000004
Nombre: calculo diferencial
Creditos: 4
Componente: Fundamentacion
Condicion 1: null, Codigo: 1000001
Nombre: null
Creditos: null
Componente: null], [Codigo: 1000017
Nombre: fundamentos de electricidad y magnetismo
Creditos: 4
Componente: Fundamentacion
Condicion 1: calculo integral, Codigo: 1000005
Nombre: calculo integral
Creditos: 4
Componente: Fundamentacion
Condicion 1: calculo diferencial, Codigo: 1000004
Nombre: calculo diferencial
Creditos: 4
Componente: Fundamentacion
Condicion 1: null, Codigo: 1000001
Nombre: null
Creditos: null
Componente: null], [Codigo: 2016701
Nombre: ingenieria de software i
Creditos: 3
Componente: Profesional o disciplinar
Condicion 1: pensamiento sistemico
Condicion 2: estructuras de datos
Condicion 3: bases de datos], [Codigo: 2016353
Nombre: bases de datos
Creditos: 3
Componente: Profesional o disciplinar
Condicion 1: programacion orientada a objetos, Codigo: 2016375
Nombre: programacion orientada a objetos
Creditos: 3
Componente: Profesional o disciplinar
Condicion 1: programacion de computadores, Codigo: 2015734
Nombre: programacion de computadores
Creditos: 3
Componente: Profesional o disciplinar], [Codigo: 2016353
Nombre: bases de datos
Creditos: 3
Componente: Profesional o disciplinar
Condicion 1: programacion orientada a objetos, Codigo: 2016375
Nombre: programacion orientada a objetos
Creditos: 3
Componente: Profesional o disciplinar
Condicion 1: programacion de computadores, Codigo: 2015734
Nombre: programacion de computadores
Creditos: 3
Componente: Profesional o disciplinar], [Codigo: 2016699
Nombre: estructuras de datos
Creditos: 3
Componente: Profesional o disciplinar
Condicion 1: programacion orientada a objetos, Codigo: 2016375
Nombre: programacion orientada a objetos
Creditos: 3
Componente: Profesional o disciplinar
Condicion 1: programacion de computadores, Codigo: 2015734
Nombre: programacion de computadores
Creditos: 3
Componente: Profesional o disciplinar], [Codigo: 2016699
Nombre: estructuras de datos
Creditos: 3
Componente: Profesional o disciplinar
Condicion 1: programacion orientada a objetos, Codigo: 2016375
Nombre: programacion orientada a objetos
Creditos: 3
Componente: Profesional o disciplinar
Condicion 1: programacion de computadores, Codigo: 2015734
Nombre: programacion de computadores
Creditos: 3
Componente: Profesional o disciplinar], [Codigo: 2016703
Nombre: pensamiento sistemico
Creditos: 3
Componente: Profesional o disciplinar], [Codigo: 2016703
Nombre: pensamiento sistemico
Creditos: 3
Componente: Profesional o disciplinar], [Codigo: 2025966
Nombre: lenguajes de programacion
Creditos: 3
Componente: Profesional o disciplinar
Condicion 1: estructuras de datos
Condicion 2: introduccion a la teoria de la computacion], [Codigo: 2015174
Nombre: introduccion a la teoria de la computacion
Creditos: 4
Componente: Fundamentacion
Condicion 1: matematicas discretas i, Codigo: 2025963
Nombre: matematicas discretas i
Creditos: 4
Componente: Fundamentacion
Condicion 1: algebra lineal, Codigo: 1000003
Nombre: algebra lineal
Creditos: 4
Componente: Fundamentacion
Condicion 1: calculo diferencial, Codigo: 1000004
Nombre: calculo diferencial
Creditos: 4
Componente: Fundamentacion
Condicion 1: null, Codigo: 1000001
Nombre: null
Creditos: null
Componente: null], [Codigo: 2015174
Nombre: introduccion a la teoria de la computacion
Creditos: 4
Componente: Fundamentacion
Condicion 1: matematicas discretas i, Codigo: 2025963
Nombre: matematicas discretas i
Creditos: 4
Componente: Fundamentacion
Condicion 1: algebra lineal, Codigo: 1000003
Nombre: algebra lineal
Creditos: 4
Componente: Fundamentacion
Condicion 1: calculo diferencial, Codigo: 1000004
Nombre: calculo diferencial
Creditos: 4
Componente: Fundamentacion
Condicion 1: null, Codigo: 1000001
Nombre: null
Creditos: null
Componente: null], [Codigo: 2016699
Nombre: estructuras de datos
Creditos: 3
Componente: Profesional o disciplinar
Condicion 1: programacion orientada a objetos, Codigo: 2016375
Nombre: programacion orientada a objetos
Creditos: 3
Componente: Profesional o disciplinar
Condicion 1: programacion de computadores, Codigo: 2015734
Nombre: programacion de computadores
Creditos: 3
Componente: Profesional o disciplinar], [Codigo: 2016699
Nombre: estructuras de datos
Creditos: 3
Componente: Profesional o disciplinar
Condicion 1: programacion orientada a objetos, Codigo: 2016375
Nombre: programacion orientada a objetos
Creditos: 3
Componente: Profesional o disciplinar
Condicion 1: programacion de computadores, Codigo: 2015734
Nombre: programacion de computadores
Creditos: 3
Componente: Profesional o disciplinar], [Codigo: 2015970
Nombre: metodos numericos
Creditos: 3
Componente: Fundamentacion
Condicion 1: calculo en varias variables, Codigo: 1000006
Nombre: calculo en varias variables
Creditos: 4
Componente: Fundamentacion
Condicion 1: calculo integral, Codigo: 1000005
Nombre: calculo integral
Creditos: 4
Componente: Fundamentacion
Condicion 1: calculo diferencial, Codigo: 1000004
Nombre: calculo diferencial
Creditos: 4
Componente: Fundamentacion
Condicion 1: null, Codigo: 1000001
Nombre: null
Creditos: null
Componente: null], [Codigo: 2015970
Nombre: metodos numericos
Creditos: 3
Componente: Fundamentacion
Condicion 1: calculo en varias variables, Codigo: 1000006
Nombre: calculo en varias variables
Creditos: 4
Componente: Fundamentacion
Condicion 1: calculo integral, Codigo: 1000005
Nombre: calculo integral
Creditos: 4
Componente: Fundamentacion
Condicion 1: calculo diferencial, Codigo: 1000004
Nombre: calculo diferencial
Creditos: 4
Componente: Fundamentacion
Condicion 1: null, Codigo: 1000001
Nombre: null
Creditos: null
Componente: null], [Codigo: 1000019
Nombre: fundamentos de mecanica
Creditos: 4
Componente: Fundamentacion
Condicion 1: calculo diferencial, Codigo: 1000004
Nombre: calculo diferencial
Creditos: 4
Componente: Fundamentacion
Condicion 1: null, Codigo: 1000001
Nombre: null
Creditos: null
Componente: null], [Codigo: 1000019
Nombre: fundamentos de mecanica
Creditos: 4
Componente: Fundamentacion
Condicion 1: calculo diferencial, Codigo: 1000004
Nombre: calculo diferencial
Creditos: 4
Componente: Fundamentacion
Condicion 1: null, Codigo: 1000001
Nombre: null
Creditos: null
Componente: null]]
92
